#
# A fatal error has been detected by the Java Runtime Environment:
#
#  SIGSEGV (0xb) at pc=0x00007f24aad018fa, pid=5647, tid=139794924480256
#
# JRE version: Java(TM) SE Runtime Environment (7.0_72-b14) (build 1.7.0_72-b14)
# Java VM: Java HotSpot(TM) 64-Bit Server VM (24.72-b04 mixed mode linux-amd64 compressed oops)
# Problematic frame:
# V  [libjvm.so+0x9968fa]  interpretedVFrame::monitors() const+0x1ea
#
# Failed to write core dump. Core dumps have been disabled. To enable core dumping, try "ulimit -c unlimited" before starting Java again
#
# If you would like to submit a bug report, please visit:
#   http://bugreport.sun.com/bugreport/crash.jsp
#

---------------  T H R E A D  ---------------

Current thread (0x00007f24a40a0000):  JavaThread "JDWP Transport Listener: dt_socket" daemon [_thread_in_vm, id=5666, stack(0x00007f248ac0a000,0x00007f248ad0b000)]

siginfo:si_signo=SIGSEGV: si_errno=0, si_code=2 (SEGV_ACCERR), si_addr=0x00007f24abce8ff0

Registers:
RAX=0x00000000d724f5b8, RBX=0x00007f24a40ae330, RCX=0x00007f24abbdb320, RDX=0x000000000000fc98
RSP=0x00007f248ad08dc0, RBP=0x00007f248ad08ec0, RSI=0x0000000000000000, RDI=0x0000000000000020
R8 =0x0000000000000000, R9 =0x0000000000234000, R10=0x0000000000000022, R11=0x0000000078000001
R12=0x0000000000000000, R13=0x00007f24782354c0, R14=0x00007f24a40add30, R15=0x00007f24abce8fe8
RIP=0x00007f24aad018fa, EFLAGS=0x0000000000010246, CSGSFS=0x0000000000000033, ERR=0x0000000000000004
  TRAPNO=0x000000000000000e

Top of Stack: (sp=0x00007f248ad08dc0)
0x00007f248ad08dc0:   00007f248ad08dd0 00007f248ad08e00
0x00007f248ad08dd0:   00007f24abde5988 00007f24a10060d8
0x00007f248ad08de0:   00007f24a1005310 00007f2400000000
0x00007f248ad08df0:   00007f24abde59c8 00007f24abde5988
0x00007f248ad08e00:   00007f24abde5988 00007f24a10060d8
0x00007f248ad08e10:   00007f24a1005310 00007f2400000000
0x00007f248ad08e20:   00007f24abde59c8 00007f24abde5988
0x00007f248ad08e30:   00007f24abde5988 00007f24a10060d8
0x00007f248ad08e40:   00007f24a1005310 00007f2400000000
0x00007f248ad08e50:   00007f24abde59c8 00007f24abde5988
0x00007f248ad08e60:   00007f24abde5988 00007f24a10060d8
0x00007f248ad08e70:   00007f24a1005310 00007f2400000000
0x00007f248ad08e80:   00007f24abde59c8 00007f24abde5988
0x00007f248ad08e90:   00007f24a05156c0 0000000000000000
0x00007f248ad08ea0:   00007f24a400c000 00007f2478003ea0
0x00007f248ad08eb0:   00007f24ab17bf58 00007f24a4097a10
0x00007f248ad08ec0:   00007f248ad08fa0 00007f24aaa53c16
0x00007f248ad08ed0:   00007f24a05156c0 00007f24a0515110
0x00007f248ad08ee0:   00000001a0515110 00007f24a40a0000
0x00007f248ad08ef0:   0000000000000000 0000000000000000
0x00007f248ad08f00:   00007f24a0515100 00000000000083b0
0x00007f248ad08f10:   00007f24a4097a10 00007f24a40b5708
0x00007f248ad08f20:   00007f24a40ae330 00007f24a40ad720
0x00007f248ad08f30:   00007f24a1005310 00007f2400000000
0x00007f248ad08f40:   00007f24abde59c8 00007f24abde5988
0x00007f248ad08f50:   00007f24abde5938 0000000000000001
0x00007f248ad08f60:   00007f24a40ad730 0000000000000000
0x00007f248ad08f70:   00007f24ab17bf58 0000000000000001
0x00007f248ad08f80:   00007f24a40add30 0000000000000000
0x00007f248ad08f90:   00007f24ab17bf58 00007f24a4097a10
0x00007f248ad08fa0:   00007f248ad09660 00007f24aaa554ec
0x00007f248ad08fb0:   00007f248ad09001 00007f248ad095c0 

Instructions: (pc=0x00007f24aad018fa)
0x00007f24aad018da:   49 8b 46 30 48 89 85 68 ff ff ff e8 76 8c b8 ff
0x00007f24aad018ea:   49 39 c7 0f 82 dd 00 00 00 31 f6 bf 20 00 00 00
0x00007f24aad018fa:   4d 8b 67 08 e8 0d eb f0 ff 48 85 c0 49 89 c5 74
0x00007f24aad0190a:   17 4c 89 20 48 c7 40 10 00 00 00 00 4c 89 78 08 

Register to memory mapping:

RAX=0x00000000d724f5b8 is an oop
java.lang.NullPointerException 
 - klass: 'java/lang/NullPointerException'
RBX=0x00007f24a40ae330 is an unknown value
RCX=0x00007f24abbdb320: <offset 0x219320> in /lib/x86_64-linux-gnu/libpthread.so.0 at 0x00007f24ab9c2000
RDX=0x000000000000fc98 is an unknown value
RSP=0x00007f248ad08dc0 is pointing into the stack for thread: 0x00007f24a40a0000
RBP=0x00007f248ad08ec0 is pointing into the stack for thread: 0x00007f24a40a0000
RSI=0x0000000000000000 is an unknown value
RDI=0x0000000000000020 is an unknown value
R8 =0x0000000000000000 is an unknown value
R9 =0x0000000000234000 is an unknown value
R10=0x0000000000000022 is an unknown value
R11=0x0000000078000001 is an unknown value
R12=0x0000000000000000 is an unknown value
R13=0x00007f24782354c0 is an unknown value
R14=0x00007f24a40add30 is an unknown value
R15=0x00007f24abce8fe8 is pointing into the stack for thread: 0x00007f24a400c000


Stack: [0x00007f248ac0a000,0x00007f248ad0b000],  sp=0x00007f248ad08dc0,  free space=1019k
Native frames: (J=compiled Java code, j=interpreted, Vv=VM code, C=native code)
V  [libjvm.so+0x9968fa]  interpretedVFrame::monitors() const+0x1ea
V  [libjvm.so+0x6e8c16]  JvmtiEnvBase::get_locked_objects_in_frame(JavaThread*, JavaThread*, javaVFrame*, GrowableArray<_jvmtiMonitorStackDepthInfo*>*, int)+0x86
V  [libjvm.so+0x6ea4ec]  JvmtiEnvBase::get_owned_monitors(JavaThread*, JavaThread*, GrowableArray<_jvmtiMonitorStackDepthInfo*>*)+0x10c
V  [libjvm.so+0x6df540]  JvmtiEnv::GetOwnedMonitorInfo(JavaThread*, int*, _jobject***)+0xe0
V  [libjvm.so+0x6a3d29]  jvmti_GetOwnedMonitorInfo+0x2a9
C  [libjdwp.so+0xa330]  ownedMonitors+0xd0
C  [libjdwp.so+0x11976]  debugLoop_run+0x2b6
C  [libjdwp.so+0x243af]  attachThread+0x2f
V  [libjvm.so+0x6fd407]  JvmtiAgentThread::call_start_function()+0x97
V  [libjvm.so+0x95a08f]  JavaThread::thread_main_inner()+0xdf
V  [libjvm.so+0x95a195]  JavaThread::run()+0xf5
V  [libjvm.so+0x820c28]  java_start(Thread*)+0x108


---------------  P R O C E S S  ---------------

Java Threads: ( => current thread )
  0x00007f24a40ab800 JavaThread "Service Thread" daemon [_thread_blocked, id=5674, stack(0x00007f248a705000,0x00007f248a806000)]
  0x00007f24a40a9000 JavaThread "C2 CompilerThread1" daemon [_thread_blocked, id=5673, stack(0x00007f248a806000,0x00007f248a907000)]
  0x00007f24a40a6000 JavaThread "C2 CompilerThread0" daemon [_thread_blocked, id=5672, stack(0x00007f248a907000,0x00007f248aa08000)]
  0x00007f2478001000 JavaThread "JDWP Command Reader" daemon [_thread_in_native, id=5668, stack(0x00007f248aa08000,0x00007f248ab09000)]
  0x00007f24a40a3800 JavaThread "JDWP Event Helper Thread" daemon [_thread_blocked, id=5667, stack(0x00007f248ab09000,0x00007f248ac0a000)]
=>0x00007f24a40a0000 JavaThread "JDWP Transport Listener: dt_socket" daemon [_thread_in_vm, id=5666, stack(0x00007f248ac0a000,0x00007f248ad0b000)]
  0x00007f24a4092800 JavaThread "Signal Dispatcher" daemon [_thread_blocked, id=5662, stack(0x00007f248af0f000,0x00007f248b010000)]
  0x00007f24a4072800 JavaThread "Finalizer" daemon [_thread_blocked, id=5661, stack(0x00007f248b010000,0x00007f248b111000)]
  0x00007f24a4070800 JavaThread "Reference Handler" daemon [_thread_blocked, id=5660, stack(0x00007f248b111000,0x00007f248b212000)]
  0x00007f24a400c000 JavaThread "main" [_thread_blocked, id=5649, stack(0x00007f24abce6000,0x00007f24abde7000)]

Other Threads:
  0x00007f24a406c000 VMThread [stack: 0x00007f248b212000,0x00007f248b313000] [id=5659]
  0x00007f24a40be800 WatcherThread [stack: 0x00007f248a604000,0x00007f248a705000] [id=5675]

VM state:not at safepoint (normal execution)

VM Mutex/Monitor currently owned by a thread: None

Heap
 PSYoungGen      total 36864K, used 1904K [0x00000000d7200000, 0x00000000d9b00000, 0x0000000100000000)
  eden space 31744K, 6% used [0x00000000d7200000,0x00000000d73dc390,0x00000000d9100000)
  from space 5120K, 0% used [0x00000000d9600000,0x00000000d9600000,0x00000000d9b00000)
  to   space 5120K, 0% used [0x00000000d9100000,0x00000000d9100000,0x00000000d9600000)
 ParOldGen       total 83456K, used 0K [0x0000000085600000, 0x000000008a780000, 0x00000000d7200000)
  object space 83456K, 0% used [0x0000000085600000,0x0000000085600000,0x000000008a780000)
 PSPermGen       total 21504K, used 2474K [0x0000000080400000, 0x0000000081900000, 0x0000000085600000)
  object space 21504K, 11% used [0x0000000080400000,0x000000008066aba0,0x0000000081900000)

Card table byte_map: [0x00007f24a80ae000,0x00007f24a84ad000] byte_map_base: 0x00007f24a7cac000

Polling page: 0x00007f24abdff000

Code Cache  [0x00007f24a1000000, 0x00007f24a1270000, 0x00007f24a4000000)
 total_blobs=156 nmethods=0 adapters=133 free_code_cache=48778Kb largest_free_block=49948352

Compilation events (0 events):
No events

GC Heap History (0 events):
No events

Deoptimization events (0 events):
No events

Internal exceptions (3 events):
Event: 0.022 Thread 0x00007f24a400c000 Threw 0x00000000d720f120 at /HUDSON/workspace/7u-2-build-linux-amd64/jdk7u72/1606/hotspot/src/share/vm/prims/jni.cpp:3991
Event: 0.122 Thread 0x00007f24a400c000 Threw 0x00000000d7247e98 at /HUDSON/workspace/7u-2-build-linux-amd64/jdk7u72/1606/hotspot/src/share/vm/prims/jvm.cpp:1281
Event: 0.126 Thread 0x00007f24a400c000 Threw 0x00000000d724f5b8 at /HUDSON/workspace/7u-2-build-linux-amd64/jdk7u72/1606/hotspot/src/share/vm/interpreter/linkResolver.cpp:978

Events (10 events):
Event: 62.277 Executing VM operation: RedefineClasses
Event: 62.277 Executing VM operation: RedefineClasses done
Event: 62.279 Executing VM operation: EnterInterpOnlyMode
Event: 62.279 Executing VM operation: EnterInterpOnlyMode done
Event: 62.279 Executing VM operation: GetCurrentLocation
Event: 62.279 Executing VM operation: GetCurrentLocation done
Event: 62.279 Executing VM operation: ChangeSingleStep
Event: 62.279 Executing VM operation: ChangeSingleStep done
Event: 62.279 Executing VM operation: ChangeSingleStep
Event: 62.279 Executing VM operation: ChangeSingleStep done


Dynamic libraries:
00400000-00401000 r-xp 00000000 08:06 532976                             /usr/lib/jvm/java-7-oracle/bin/java
00600000-00601000 rw-p 00000000 08:06 532976                             /usr/lib/jvm/java-7-oracle/bin/java
01420000-01441000 rw-p 00000000 00:00 0                                  [heap]
80400000-81900000 rw-p 00000000 00:00 0 
81900000-85600000 rw-p 00000000 00:00 0 
85600000-8a780000 rw-p 00000000 00:00 0 
8a780000-d7200000 rw-p 00000000 00:00 0 
d7200000-d9b00000 rw-p 00000000 00:00 0 
d9b00000-100000000 rw-p 00000000 00:00 0 
7f245c000000-7f245c021000 rw-p 00000000 00:00 0 
7f245c021000-7f2460000000 ---p 00000000 00:00 0 
7f2460000000-7f2460021000 rw-p 00000000 00:00 0 
7f2460021000-7f2464000000 ---p 00000000 00:00 0 
7f2464000000-7f2464021000 rw-p 00000000 00:00 0 
7f2464021000-7f2468000000 ---p 00000000 00:00 0 
7f2468000000-7f2468021000 rw-p 00000000 00:00 0 
7f2468021000-7f246c000000 ---p 00000000 00:00 0 
7f246c000000-7f246c021000 rw-p 00000000 00:00 0 
7f246c021000-7f2470000000 ---p 00000000 00:00 0 
7f2470000000-7f2470021000 rw-p 00000000 00:00 0 
7f2470021000-7f2474000000 ---p 00000000 00:00 0 
7f2474000000-7f2474021000 rw-p 00000000 00:00 0 
7f2474021000-7f2478000000 ---p 00000000 00:00 0 
7f2478000000-7f2478249000 rw-p 00000000 00:00 0 
7f2478249000-7f247c000000 ---p 00000000 00:00 0 
7f247c000000-7f247c021000 rw-p 00000000 00:00 0 
7f247c021000-7f2480000000 ---p 00000000 00:00 0 
7f2480000000-7f2480021000 rw-p 00000000 00:00 0 
7f2480021000-7f2484000000 ---p 00000000 00:00 0 
7f2484000000-7f2484021000 rw-p 00000000 00:00 0 
7f2484021000-7f2488000000 ---p 00000000 00:00 0 
7f248a2cb000-7f248a604000 rw-p 00000000 00:00 0 
7f248a604000-7f248a605000 ---p 00000000 00:00 0 
7f248a605000-7f248a705000 rw-p 00000000 00:00 0                          [stack:5675]
7f248a705000-7f248a708000 ---p 00000000 00:00 0 
7f248a708000-7f248a806000 rw-p 00000000 00:00 0                          [stack:5674]
7f248a806000-7f248a809000 ---p 00000000 00:00 0 
7f248a809000-7f248a907000 rw-p 00000000 00:00 0                          [stack:5673]
7f248a907000-7f248a90a000 ---p 00000000 00:00 0 
7f248a90a000-7f248aa08000 rw-p 00000000 00:00 0                          [stack:5672]
7f248aa08000-7f248aa0b000 ---p 00000000 00:00 0 
7f248aa0b000-7f248ab09000 rw-p 00000000 00:00 0                          [stack:5668]
7f248ab09000-7f248ab0c000 ---p 00000000 00:00 0 
7f248ab0c000-7f248ac0a000 rw-p 00000000 00:00 0                          [stack:5667]
7f248ac0a000-7f248ac0d000 ---p 00000000 00:00 0 
7f248ac0d000-7f248ad0b000 rw-p 00000000 00:00 0                          [stack:5666]
7f248ad0b000-7f248ad0f000 r-xp 00000000 08:06 539324                     /usr/lib/jvm/java-7-oracle/jre/lib/amd64/libdt_socket.so
7f248ad0f000-7f248af0e000 ---p 00004000 08:06 539324                     /usr/lib/jvm/java-7-oracle/jre/lib/amd64/libdt_socket.so
7f248af0e000-7f248af0f000 rw-p 00003000 08:06 539324                     /usr/lib/jvm/java-7-oracle/jre/lib/amd64/libdt_socket.so
7f248af0f000-7f248af12000 ---p 00000000 00:00 0 
7f248af12000-7f248b010000 rw-p 00000000 00:00 0                          [stack:5662]
7f248b010000-7f248b013000 ---p 00000000 00:00 0 
7f248b013000-7f248b111000 rw-p 00000000 00:00 0                          [stack:5661]
7f248b111000-7f248b114000 ---p 00000000 00:00 0 
7f248b114000-7f248b212000 rw-p 00000000 00:00 0                          [stack:5660]
7f248b212000-7f248b213000 ---p 00000000 00:00 0 
7f248b213000-7f2490000000 rw-p 00000000 00:00 0                          [stack:5659]
7f2490000000-7f2490021000 rw-p 00000000 00:00 0 
7f2490021000-7f2494000000 ---p 00000000 00:00 0 
7f2494000000-7f2494021000 rw-p 00000000 00:00 0 
7f2494021000-7f2498000000 ---p 00000000 00:00 0 
7f2498000000-7f2498021000 rw-p 00000000 00:00 0 
7f2498021000-7f249c000000 ---p 00000000 00:00 0 
7f249c000000-7f249c021000 rw-p 00000000 00:00 0 
7f249c021000-7f24a0000000 ---p 00000000 00:00 0 
7f24a0006000-7f24a02df000 rw-p 00000000 00:00 0 
7f24a02df000-7f24a049f000 r--s 039ea000 08:06 539447                     /usr/lib/jvm/java-7-oracle/jre/lib/rt.jar
7f24a049f000-7f24a096e000 rw-p 00000000 00:00 0 
7f24a096e000-7f24a096f000 ---p 00000000 00:00 0 
7f24a096f000-7f24a0a6f000 rw-p 00000000 00:00 0                          [stack:5653]
7f24a0a6f000-7f24a0a70000 ---p 00000000 00:00 0 
7f24a0a70000-7f24a0b70000 rw-p 00000000 00:00 0                          [stack:5652]
7f24a0b70000-7f24a0b71000 ---p 00000000 00:00 0 
7f24a0b71000-7f24a0c71000 rw-p 00000000 00:00 0                          [stack:5651]
7f24a0c71000-7f24a0c72000 ---p 00000000 00:00 0 
7f24a0c72000-7f24a0d9b000 rw-p 00000000 00:00 0                          [stack:5650]
7f24a0d9b000-7f24a1000000 rw-p 00000000 00:00 0 
7f24a1000000-7f24a1270000 rwxp 00000000 00:00 0 
7f24a1270000-7f24a40c7000 rw-p 00000000 00:00 0 
7f24a40c7000-7f24a8000000 ---p 00000000 00:00 0 
7f24a8014000-7f24a8090000 rw-p 00000000 00:00 0 
7f24a8090000-7f24a80ae000 rw-p 00000000 00:00 0 
7f24a80ae000-7f24a80b9000 rw-p 00000000 00:00 0 
7f24a80b9000-7f24a80d7000 rw-p 00000000 00:00 0 
7f24a80d7000-7f24a8100000 rw-p 00000000 00:00 0 
7f24a8100000-7f24a8365000 rw-p 00000000 00:00 0 
7f24a8365000-7f24a837a000 rw-p 00000000 00:00 0 
7f24a837a000-7f24a84ac000 rw-p 00000000 00:00 0 
7f24a84ac000-7f24a84ad000 rw-p 00000000 00:00 0 
7f24a84ad000-7f24a84c7000 r-xp 00000000 08:06 539331                     /usr/lib/jvm/java-7-oracle/jre/lib/amd64/libzip.so
7f24a84c7000-7f24a86c7000 ---p 0001a000 08:06 539331                     /usr/lib/jvm/java-7-oracle/jre/lib/amd64/libzip.so
7f24a86c7000-7f24a86c8000 rw-p 0001a000 08:06 539331                     /usr/lib/jvm/java-7-oracle/jre/lib/amd64/libzip.so
7f24a86c8000-7f24a86d3000 r-xp 00000000 08:06 135649                     /lib/x86_64-linux-gnu/libnss_files-2.19.so
7f24a86d3000-7f24a88d2000 ---p 0000b000 08:06 135649                     /lib/x86_64-linux-gnu/libnss_files-2.19.so
7f24a88d2000-7f24a88d3000 r--p 0000a000 08:06 135649                     /lib/x86_64-linux-gnu/libnss_files-2.19.so
7f24a88d3000-7f24a88d4000 rw-p 0000b000 08:06 135649                     /lib/x86_64-linux-gnu/libnss_files-2.19.so
7f24a88d4000-7f24a88df000 r-xp 00000000 08:06 135659                     /lib/x86_64-linux-gnu/libnss_nis-2.19.so
7f24a88df000-7f24a8ade000 ---p 0000b000 08:06 135659                     /lib/x86_64-linux-gnu/libnss_nis-2.19.so
7f24a8ade000-7f24a8adf000 r--p 0000a000 08:06 135659                     /lib/x86_64-linux-gnu/libnss_nis-2.19.so
7f24a8adf000-7f24a8ae0000 rw-p 0000b000 08:06 135659                     /lib/x86_64-linux-gnu/libnss_nis-2.19.so
7f24a8ae0000-7f24a8af7000 r-xp 00000000 08:06 135643                     /lib/x86_64-linux-gnu/libnsl-2.19.so
7f24a8af7000-7f24a8cf6000 ---p 00017000 08:06 135643                     /lib/x86_64-linux-gnu/libnsl-2.19.so
7f24a8cf6000-7f24a8cf7000 r--p 00016000 08:06 135643                     /lib/x86_64-linux-gnu/libnsl-2.19.so
7f24a8cf7000-7f24a8cf8000 rw-p 00017000 08:06 135643                     /lib/x86_64-linux-gnu/libnsl-2.19.so
7f24a8cf8000-7f24a8cfa000 rw-p 00000000 00:00 0 
7f24a8cfa000-7f24a8d03000 r-xp 00000000 08:06 135645                     /lib/x86_64-linux-gnu/libnss_compat-2.19.so
7f24a8d03000-7f24a8f02000 ---p 00009000 08:06 135645                     /lib/x86_64-linux-gnu/libnss_compat-2.19.so
7f24a8f02000-7f24a8f03000 r--p 00008000 08:06 135645                     /lib/x86_64-linux-gnu/libnss_compat-2.19.so
7f24a8f03000-7f24a8f04000 rw-p 00009000 08:06 135645                     /lib/x86_64-linux-gnu/libnss_compat-2.19.so
7f24a8f04000-7f24a95e6000 r--p 00000000 08:06 533472                     /usr/lib/locale/locale-archive
7f24a95e6000-7f24a95e9000 r-xp 00000000 08:06 539299                     /usr/lib/jvm/java-7-oracle/jre/lib/amd64/libnpt.so
7f24a95e9000-7f24a97e8000 ---p 00003000 08:06 539299                     /usr/lib/jvm/java-7-oracle/jre/lib/amd64/libnpt.so
7f24a97e8000-7f24a97e9000 rw-p 00002000 08:06 539299                     /usr/lib/jvm/java-7-oracle/jre/lib/amd64/libnpt.so
7f24a97e9000-7f24a9822000 r-xp 00000000 08:06 539285                     /usr/lib/jvm/java-7-oracle/jre/lib/amd64/libjdwp.so
7f24a9822000-7f24a9a22000 ---p 00039000 08:06 539285                     /usr/lib/jvm/java-7-oracle/jre/lib/amd64/libjdwp.so
7f24a9a22000-7f24a9a23000 rw-p 00039000 08:06 539285                     /usr/lib/jvm/java-7-oracle/jre/lib/amd64/libjdwp.so
7f24a9a23000-7f24a9a24000 rw-p 00000000 00:00 0 
7f24a9a24000-7f24a9a4d000 r-xp 00000000 08:06 539314                     /usr/lib/jvm/java-7-oracle/jre/lib/amd64/libjava.so
7f24a9a4d000-7f24a9c4d000 ---p 00029000 08:06 539314                     /usr/lib/jvm/java-7-oracle/jre/lib/amd64/libjava.so
7f24a9c4d000-7f24a9c4f000 rw-p 00029000 08:06 539314                     /usr/lib/jvm/java-7-oracle/jre/lib/amd64/libjava.so
7f24a9c4f000-7f24a9c5c000 r-xp 00000000 08:06 539276                     /usr/lib/jvm/java-7-oracle/jre/lib/amd64/libverify.so
7f24a9c5c000-7f24a9e5b000 ---p 0000d000 08:06 539276                     /usr/lib/jvm/java-7-oracle/jre/lib/amd64/libverify.so
7f24a9e5b000-7f24a9e5d000 rw-p 0000c000 08:06 539276                     /usr/lib/jvm/java-7-oracle/jre/lib/amd64/libverify.so
7f24a9e5d000-7f24a9e64000 r-xp 00000000 08:06 135704                     /lib/x86_64-linux-gnu/librt-2.19.so
7f24a9e64000-7f24aa063000 ---p 00007000 08:06 135704                     /lib/x86_64-linux-gnu/librt-2.19.so
7f24aa063000-7f24aa064000 r--p 00006000 08:06 135704                     /lib/x86_64-linux-gnu/librt-2.19.so
7f24aa064000-7f24aa065000 rw-p 00007000 08:06 135704                     /lib/x86_64-linux-gnu/librt-2.19.so
7f24aa065000-7f24aa16a000 r-xp 00000000 08:06 135622                     /lib/x86_64-linux-gnu/libm-2.19.so
7f24aa16a000-7f24aa369000 ---p 00105000 08:06 135622                     /lib/x86_64-linux-gnu/libm-2.19.so
7f24aa369000-7f24aa36a000 r--p 00104000 08:06 135622                     /lib/x86_64-linux-gnu/libm-2.19.so
7f24aa36a000-7f24aa36b000 rw-p 00105000 08:06 135622                     /lib/x86_64-linux-gnu/libm-2.19.so
7f24aa36b000-7f24aaede000 r-xp 00000000 08:06 539290                     /usr/lib/jvm/java-7-oracle/jre/lib/amd64/server/libjvm.so
7f24aaede000-7f24ab0dd000 ---p 00b73000 08:06 539290                     /usr/lib/jvm/java-7-oracle/jre/lib/amd64/server/libjvm.so
7f24ab0dd000-7f24ab1a1000 rw-p 00b72000 08:06 539290                     /usr/lib/jvm/java-7-oracle/jre/lib/amd64/server/libjvm.so
7f24ab1a1000-7f24ab1e2000 rw-p 00000000 00:00 0 
7f24ab1e2000-7f24ab39c000 r-xp 00000000 08:06 135570                     /lib/x86_64-linux-gnu/libc-2.19.so
7f24ab39c000-7f24ab59c000 ---p 001ba000 08:06 135570                     /lib/x86_64-linux-gnu/libc-2.19.so
7f24ab59c000-7f24ab5a0000 r--p 001ba000 08:06 135570                     /lib/x86_64-linux-gnu/libc-2.19.so
7f24ab5a0000-7f24ab5a2000 rw-p 001be000 08:06 135570                     /lib/x86_64-linux-gnu/libc-2.19.so
7f24ab5a2000-7f24ab5a7000 rw-p 00000000 00:00 0 
7f24ab5a7000-7f24ab5aa000 r-xp 00000000 08:06 135587                     /lib/x86_64-linux-gnu/libdl-2.19.so
7f24ab5aa000-7f24ab7a9000 ---p 00003000 08:06 135587                     /lib/x86_64-linux-gnu/libdl-2.19.so
7f24ab7a9000-7f24ab7aa000 r--p 00002000 08:06 135587                     /lib/x86_64-linux-gnu/libdl-2.19.so
7f24ab7aa000-7f24ab7ab000 rw-p 00003000 08:06 135587                     /lib/x86_64-linux-gnu/libdl-2.19.so
7f24ab7ab000-7f24ab7c1000 r-xp 00000000 08:06 531700                     /usr/lib/jvm/java-7-oracle/lib/amd64/jli/libjli.so
7f24ab7c1000-7f24ab9c1000 ---p 00016000 08:06 531700                     /usr/lib/jvm/java-7-oracle/lib/amd64/jli/libjli.so
7f24ab9c1000-7f24ab9c2000 rw-p 00016000 08:06 531700                     /usr/lib/jvm/java-7-oracle/lib/amd64/jli/libjli.so
7f24ab9c2000-7f24ab9da000 r-xp 00000000 08:06 135696                     /lib/x86_64-linux-gnu/libpthread-2.19.so
7f24ab9da000-7f24abbda000 ---p 00018000 08:06 135696                     /lib/x86_64-linux-gnu/libpthread-2.19.so
7f24abbda000-7f24abbdb000 r--p 00018000 08:06 135696                     /lib/x86_64-linux-gnu/libpthread-2.19.so
7f24abbdb000-7f24abbdc000 rw-p 00019000 08:06 135696                     /lib/x86_64-linux-gnu/libpthread-2.19.so
7f24abbdc000-7f24abbe0000 rw-p 00000000 00:00 0 
7f24abbe0000-7f24abc03000 r-xp 00000000 08:06 135546                     /lib/x86_64-linux-gnu/ld-2.19.so
7f24abc05000-7f24abc30000 rw-p 00000000 00:00 0 
7f24abc30000-7f24abce6000 rw-p 00000000 00:00 0 
7f24abce6000-7f24abce9000 ---p 00000000 00:00 0 
7f24abce9000-7f24abdeb000 rw-p 00000000 00:00 0                          [stack:5649]
7f24abdf4000-7f24abdf6000 rw-p 00000000 00:00 0 
7f24abdf6000-7f24abdfe000 rw-s 00000000 08:06 266282                     /tmp/hsperfdata_xin/5647
7f24abdfe000-7f24abdff000 rw-p 00000000 00:00 0 
7f24abdff000-7f24abe00000 r--p 00000000 00:00 0 
7f24abe00000-7f24abe02000 rw-p 00000000 00:00 0 
7f24abe02000-7f24abe03000 r--p 00022000 08:06 135546                     /lib/x86_64-linux-gnu/ld-2.19.so
7f24abe03000-7f24abe04000 rw-p 00023000 08:06 135546                     /lib/x86_64-linux-gnu/ld-2.19.so
7f24abe04000-7f24abe05000 rw-p 00000000 00:00 0 
7fffb08fd000-7fffb091e000 rw-p 00000000 00:00 0                          [stack]
7fffb09fc000-7fffb09fe000 r-xp 00000000 00:00 0                          [vdso]
7fffb09fe000-7fffb0a00000 r--p 00000000 00:00 0                          [vvar]
ffffffffff600000-ffffffffff601000 r-xp 00000000 00:00 0                  [vsyscall]

VM Arguments:
jvm_args: -agentlib:jdwp=transport=dt_socket,suspend=y,address=localhost:33538 -Dfile.encoding=UTF-8 
java_command: GetNumber src/sample.csv
Launcher Type: SUN_STANDARD

Environment Variables:
PATH=/usr/local/sbin:/usr/local/bin:/usr/sbin:/usr/bin:/sbin:/bin:/usr/games:/usr/local/games
SHELL=/bin/bash
DISPLAY=:0

Signal Handlers:
SIGSEGV: [libjvm.so+0x9a1a10], sa_mask[0]=0x7ffbfeff, sa_flags=0x10000004
SIGBUS: [libjvm.so+0x9a1a10], sa_mask[0]=0x7ffbfeff, sa_flags=0x10000004
SIGFPE: [libjvm.so+0x81bae0], sa_mask[0]=0x7ffbfeff, sa_flags=0x10000004
SIGPIPE: [libjvm.so+0x81bae0], sa_mask[0]=0x7ffbfeff, sa_flags=0x10000004
SIGXFSZ: [libjvm.so+0x81bae0], sa_mask[0]=0x7ffbfeff, sa_flags=0x10000004
SIGILL: [libjvm.so+0x81bae0], sa_mask[0]=0x7ffbfeff, sa_flags=0x10000004
SIGUSR1: SIG_DFL, sa_mask[0]=0x00000000, sa_flags=0x00000000
SIGUSR2: [libjvm.so+0x81d2e0], sa_mask[0]=0x00000004, sa_flags=0x10000004
SIGHUP: [libjvm.so+0x81e400], sa_mask[0]=0x7ffbfeff, sa_flags=0x10000004
SIGINT: [libjvm.so+0x81e400], sa_mask[0]=0x7ffbfeff, sa_flags=0x10000004
SIGTERM: [libjvm.so+0x81e400], sa_mask[0]=0x7ffbfeff, sa_flags=0x10000004
SIGQUIT: [libjvm.so+0x81e400], sa_mask[0]=0x7ffbfeff, sa_flags=0x10000004


---------------  S Y S T E M  ---------------

OS:jessie/sid

uname:Linux 3.16.0-23-generic #31-Ubuntu SMP Tue Oct 21 17:56:17 UTC 2014 x86_64
libc:glibc 2.19 NPTL 2.19 
rlimit: STACK 8192k, CORE 0k, NPROC 30503, NOFILE 4096, AS infinity
load average:0.69 0.45 0.36

/proc/meminfo:
MemTotal:        8031640 kB
MemFree:         4016664 kB
MemAvailable:    5061604 kB
Buffers:          109516 kB
Cached:          1517432 kB
SwapCached:            0 kB
Active:          2788196 kB
Inactive:         949056 kB
Active(anon):    2114496 kB
Inactive(anon):   455716 kB
Active(file):     673700 kB
Inactive(file):   493340 kB
Unevictable:          48 kB
Mlocked:              48 kB
SwapTotal:             0 kB
SwapFree:              0 kB
Dirty:              1936 kB
Writeback:             8 kB
AnonPages:       2110952 kB
Mapped:           531160 kB
Shmem:            459500 kB
Slab:             129292 kB
SReclaimable:      93672 kB
SUnreclaim:        35620 kB
KernelStack:       12384 kB
PageTables:        49412 kB
NFS_Unstable:          0 kB
Bounce:                0 kB
WritebackTmp:          0 kB
CommitLimit:     4015820 kB
Committed_AS:    7857820 kB
VmallocTotal:   34359738367 kB
VmallocUsed:      359444 kB
VmallocChunk:   34359340708 kB
HardwareCorrupted:     0 kB
AnonHugePages:    708608 kB
HugePages_Total:       0
HugePages_Free:        0
HugePages_Rsvd:        0
HugePages_Surp:        0
Hugepagesize:       2048 kB
DirectMap4k:       58584 kB
DirectMap2M:     8185856 kB


CPU:total 4 (2 cores per cpu, 2 threads per core) family 6 model 58 stepping 9, cmov, cx8, fxsr, mmx, sse, sse2, sse3, ssse3, sse4.1, sse4.2, popcnt, avx, erms, ht, tsc, tscinvbit, tscinv

/proc/cpuinfo:
processor	: 0
vendor_id	: GenuineIntel
cpu family	: 6
model		: 58
model name	: Intel(R) Core(TM) i7-3537U CPU @ 2.00GHz
stepping	: 9
microcode	: 0x17
cpu MHz		: 2905.761
cache size	: 4096 KB
physical id	: 0
siblings	: 4
core id		: 0
cpu cores	: 2
apicid		: 0
initial apicid	: 0
fpu		: yes
fpu_exception	: yes
cpuid level	: 13
wp		: yes
flags		: fpu vme de pse tsc msr pae mce cx8 apic sep mtrr pge mca cmov pat pse36 clflush dts acpi mmx fxsr sse sse2 ss ht tm pbe syscall nx rdtscp lm constant_tsc arch_perfmon pebs bts rep_good nopl xtopology nonstop_tsc aperfmperf eagerfpu pni pclmulqdq dtes64 monitor ds_cpl vmx est tm2 ssse3 cx16 xtpr pdcm pcid sse4_1 sse4_2 x2apic popcnt tsc_deadline_timer xsave avx f16c rdrand lahf_lm ida arat epb xsaveopt pln pts dtherm tpr_shadow vnmi flexpriority ept vpid fsgsbase smep erms
bogomips	: 4988.60
clflush size	: 64
cache_alignment	: 64
address sizes	: 36 bits physical, 48 bits virtual
power management:

processor	: 1
vendor_id	: GenuineIntel
cpu family	: 6
model		: 58
model name	: Intel(R) Core(TM) i7-3537U CPU @ 2.00GHz
stepping	: 9
microcode	: 0x17
cpu MHz		: 3054.199
cache size	: 4096 KB
physical id	: 0
siblings	: 4
core id		: 0
cpu cores	: 2
apicid		: 1
initial apicid	: 1
fpu		: yes
fpu_exception	: yes
cpuid level	: 13
wp		: yes
flags		: fpu vme de pse tsc msr pae mce cx8 apic sep mtrr pge mca cmov pat pse36 clflush dts acpi mmx fxsr sse sse2 ss ht tm pbe syscall nx rdtscp lm constant_tsc arch_perfmon pebs bts rep_good nopl xtopology nonstop_tsc aperfmperf eagerfpu pni pclmulqdq dtes64 monitor ds_cpl vmx est tm2 ssse3 cx16 xtpr pdcm pcid sse4_1 sse4_2 x2apic popcnt tsc_deadline_timer xsave avx f16c rdrand lahf_lm ida arat epb xsaveopt pln pts dtherm tpr_shadow vnmi flexpriority ept vpid fsgsbase smep erms
bogomips	: 4988.60
clflush size	: 64
cache_alignment	: 64
address sizes	: 36 bits physical, 48 bits virtual
power management:

processor	: 2
vendor_id	: GenuineIntel
cpu family	: 6
model		: 58
model name	: Intel(R) Core(TM) i7-3537U CPU @ 2.00GHz
stepping	: 9
microcode	: 0x17
cpu MHz		: 2900.488
cache size	: 4096 KB
physical id	: 0
siblings	: 4
core id		: 1
cpu cores	: 2
apicid		: 2
initial apicid	: 2
fpu		: yes
fpu_exception	: yes
cpuid level	: 13
wp		: yes
flags		: fpu vme de pse tsc msr pae mce cx8 apic sep mtrr pge mca cmov pat pse36 clflush dts acpi mmx fxsr sse sse2 ss ht tm pbe syscall nx rdtscp lm constant_tsc arch_perfmon pebs bts rep_good nopl xtopology nonstop_tsc aperfmperf eagerfpu pni pclmulqdq dtes64 monitor ds_cpl vmx est tm2 ssse3 cx16 xtpr pdcm pcid sse4_1 sse4_2 x2apic popcnt tsc_deadline_timer xsave avx f16c rdrand lahf_lm ida arat epb xsaveopt pln pts dtherm tpr_shadow vnmi flexpriority ept vpid fsgsbase smep erms
bogomips	: 4988.60
clflush size	: 64
cache_alignment	: 64
address sizes	: 36 bits physical, 48 bits virtual
power management:

processor	: 3
vendor_id	: GenuineIntel
cpu family	: 6
model		: 58
model name	: Intel(R) Core(TM) i7-3537U CPU @ 2.00GHz
stepping	: 9
microcode	: 0x17
cpu MHz		: 2877.636
cache size	: 4096 KB
physical id	: 0
siblings	: 4
core id		: 1
cpu cores	: 2
apicid		: 3
initial apicid	: 3
fpu		: yes
fpu_exception	: yes
cpuid level	: 13
wp		: yes
flags		: fpu vme de pse tsc msr pae mce cx8 apic sep mtrr pge mca cmov pat pse36 clflush dts acpi mmx fxsr sse sse2 ss ht tm pbe syscall nx rdtscp lm constant_tsc arch_perfmon pebs bts rep_good nopl xtopology nonstop_tsc aperfmperf eagerfpu pni pclmulqdq dtes64 monitor ds_cpl vmx est tm2 ssse3 cx16 xtpr pdcm pcid sse4_1 sse4_2 x2apic popcnt tsc_deadline_timer xsave avx f16c rdrand lahf_lm ida arat epb xsaveopt pln pts dtherm tpr_shadow vnmi flexpriority ept vpid fsgsbase smep erms
bogomips	: 4988.60
clflush size	: 64
cache_alignment	: 64
address sizes	: 36 bits physical, 48 bits virtual
power management:



Memory: 4k page, physical 8031640k(4016664k free), swap 0k(0k free)

vm_info: Java HotSpot(TM) 64-Bit Server VM (24.72-b04) for linux-amd64 JRE (1.7.0_72-b14), built on Sep 26 2014 18:20:41 by "java_re" with gcc 4.3.0 20080428 (Red Hat 4.3.0-8)

time: Sun Jan 25 20:58:33 2015
elapsed time: 62 seconds

